# JRE version: OpenJDK Runtime Environment (7.0_91-b02) (build 1.7.0_91-b02)
# Java VM: OpenJDK 64-Bit Server VM (24.91-b01 mixed mode linux-amd64 compressed oops)
Heap
 PSYoungGen      total 73728K, used 58235K [0x00000000ebb00000, 0x00000000f3300000, 0x0000000100000000)
  eden space 62464K, 87% used [0x00000000ebb00000,0x00000000ef02a8d0,0x00000000ef800000)
  from space 11264K, 33% used [0x00000000ef800000,0x00000000efbb4448,0x00000000f0300000)
  to   space 11264K, 0% used [0x00000000f2800000,0x00000000f2800000,0x00000000f3300000)
 ParOldGen       total 41472K, used 18707K [0x00000000c3200000, 0x00000000c5a80000, 0x00000000ebb00000)
  object space 41472K, 45% used [0x00000000c3200000,0x00000000c4444e00,0x00000000c5a80000)
 PSPermGen       total 22528K, used 22463K [0x00000000b8c00000, 0x00000000ba200000, 0x00000000c3200000)
  object space 22528K, 99% used [0x00000000b8c00000,0x00000000ba1efeb0,0x00000000ba200000)
GC Heap History (10 events):
Event: 6.307 GC heap before
{Heap before GC invocations=5 (full 0):
 PSYoungGen      total 18432K, used 18400K [0x00000000ebb00000, 0x00000000ecf80000, 0x0000000100000000)
  eden space 15872K, 100% used [0x00000000ebb00000,0x00000000eca80000,0x00000000eca80000)
  from space 2560K, 98% used [0x00000000ecd00000,0x00000000ecf78020,0x00000000ecf80000)
  to   space 2560K, 0% used [0x00000000eca80000,0x00000000eca80000,0x00000000ecd00000)
 ParOldGen       total 41472K, used 6414K [0x00000000c3200000, 0x00000000c5a80000, 0x00000000ebb00000)
  object space 41472K, 15% used [0x00000000c3200000,0x00000000c3843a08,0x00000000c5a80000)
 PSPermGen       total 21504K, used 17774K [0x00000000b8c00000, 0x00000000ba100000, 0x00000000c3200000)
  object space 21504K, 82% used [0x00000000b8c00000,0x00000000b9d5b890,0x00000000ba100000)
Event: 6.316 GC heap after
Heap after GC invocations=5 (full 0):
 PSYoungGen      total 18432K, used 2528K [0x00000000ebb00000, 0x00000000ee500000, 0x0000000100000000)
  eden space 15872K, 0% used [0x00000000ebb00000,0x00000000ebb00000,0x00000000eca80000)
  from space 2560K, 98% used [0x00000000eca80000,0x00000000eccf8308,0x00000000ecd00000)
  to   space 5632K, 0% used [0x00000000edf80000,0x00000000edf80000,0x00000000ee500000)
 ParOldGen       total 41472K, used 8320K [0x00000000c3200000, 0x00000000c5a80000, 0x00000000ebb00000)
  object space 41472K, 20% used [0x00000000c3200000,0x00000000c3a20038,0x00000000c5a80000)
 PSPermGen       total 21504K, used 17774K [0x00000000b8c00000, 0x00000000ba100000, 0x00000000c3200000)
  object space 21504K, 82% used [0x00000000b8c00000,0x00000000b9d5b890,0x00000000ba100000)
}
Event: 6.734 GC heap before
{Heap before GC invocations=6 (full 0):
 PSYoungGen      total 18432K, used 18400K [0x00000000ebb00000, 0x00000000ee500000, 0x0000000100000000)
  eden space 15872K, 100% used [0x00000000ebb00000,0x00000000eca80000,0x00000000eca80000)
  from space 2560K, 98% used [0x00000000eca80000,0x00000000eccf8308,0x00000000ecd00000)
  to   space 5632K, 0% used [0x00000000edf80000,0x00000000edf80000,0x00000000ee500000)
 ParOldGen       total 41472K, used 8320K [0x00000000c3200000, 0x00000000c5a80000, 0x00000000ebb00000)
  object space 41472K, 20% used [0x00000000c3200000,0x00000000c3a20038,0x00000000c5a80000)
 PSPermGen       total 21504K, used 19514K [0x00000000b8c00000, 0x00000000ba100000, 0x00000000c3200000)
  object space 21504K, 90% used [0x00000000b8c00000,0x00000000b9f0e970,0x00000000ba100000)
Event: 6.748 GC heap after
Heap after GC invocations=6 (full 0):
 PSYoungGen      total 36864K, used 5612K [0x00000000ebb00000, 0x00000000ee600000, 0x0000000100000000)
  eden space 31232K, 0% used [0x00000000ebb00000,0x00000000ebb00000,0x00000000ed980000)
  from space 5632K, 99% used [0x00000000edf80000,0x00000000ee4fb010,0x00000000ee500000)
  to   space 6144K, 0% used [0x00000000ed980000,0x00000000ed980000,0x00000000edf80000)
 ParOldGen       total 41472K, used 8420K [0x00000000c3200000, 0x00000000c5a80000, 0x00000000ebb00000)
  object space 41472K, 20% used [0x00000000c3200000,0x00000000c3a393a8,0x00000000c5a80000)
 PSPermGen       total 21504K, used 19514K [0x00000000b8c00000, 0x00000000ba100000, 0x00000000c3200000)
  object space 21504K, 90% used [0x00000000b8c00000,0x00000000b9f0e970,0x00000000ba100000)
}
Event: 27.971 GC heap before
{Heap before GC invocations=7 (full 0):
 PSYoungGen      total 36864K, used 35298K [0x00000000ebb00000, 0x00000000ee600000, 0x0000000100000000)
  eden space 31232K, 95% used [0x00000000ebb00000,0x00000000ed7fdbc0,0x00000000ed980000)
  from space 5632K, 99% used [0x00000000edf80000,0x00000000ee4fb010,0x00000000ee500000)
  to   space 6144K, 0% used [0x00000000ed980000,0x00000000ed980000,0x00000000edf80000)
 ParOldGen       total 41472K, used 8420K [0x00000000c3200000, 0x00000000c5a80000, 0x00000000ebb00000)
  object space 41472K, 20% used [0x00000000c3200000,0x00000000c3a393a8,0x00000000c5a80000)
 PSPermGen       total 21504K, used 20712K [0x00000000b8c00000, 0x00000000ba100000, 0x00000000c3200000)
  object space 21504K, 96% used [0x00000000b8c00000,0x00000000ba03a1e8,0x00000000ba100000)
Event: 27.983 GC heap after
Heap after GC invocations=7 (full 0):
 PSYoungGen      total 37376K, used 6116K [0x00000000ebb00000, 0x00000000f0e00000, 0x0000000100000000)
  eden space 31232K, 0% used [0x00000000ebb00000,0x00000000ebb00000,0x00000000ed980000)
  from space 6144K, 99% used [0x00000000ed980000,0x00000000edf79060,0x00000000edf80000)
  to   space 11264K, 0% used [0x00000000f0300000,0x00000000f0300000,0x00000000f0e00000)
 ParOldGen       total 41472K, used 17168K [0x00000000c3200000, 0x00000000c5a80000, 0x00000000ebb00000)
  object space 41472K, 41% used [0x00000000c3200000,0x00000000c42c4278,0x00000000c5a80000)
 PSPermGen       total 21504K, used 20712K [0x00000000b8c00000, 0x00000000ba100000, 0x00000000c3200000)
  object space 21504K, 96% used [0x00000000b8c00000,0x00000000ba03a1e8,0x00000000ba100000)
}
Event: 28.059 GC heap before
{Heap before GC invocations=8 (full 0):
 PSYoungGen      total 37376K, used 36483K [0x00000000ebb00000, 0x00000000f0e00000, 0x0000000100000000)
  eden space 31232K, 97% used [0x00000000ebb00000,0x00000000ed8a7c48,0x00000000ed980000)
  from space 6144K, 99% used [0x00000000ed980000,0x00000000edf79060,0x00000000edf80000)
  to   space 11264K, 0% used [0x00000000f0300000,0x00000000f0300000,0x00000000f0e00000)
 ParOldGen       total 41472K, used 17168K [0x00000000c3200000, 0x00000000c5a80000, 0x00000000ebb00000)
  object space 41472K, 41% used [0x00000000c3200000,0x00000000c42c4278,0x00000000c5a80000)
 PSPermGen       total 21504K, used 20719K [0x00000000b8c00000, 0x00000000ba100000, 0x00000000c3200000)
  object space 21504K, 96% used [0x00000000b8c00000,0x00000000ba03bdf8,0x00000000ba100000)
Event: 28.065 GC heap after
Heap after GC invocations=8 (full 0):
 PSYoungGen      total 73728K, used 7085K [0x00000000ebb00000, 0x00000000f0e00000, 0x0000000100000000)
  eden space 62464K, 0% used [0x00000000ebb00000,0x00000000ebb00000,0x00000000ef800000)
  from space 11264K, 62% used [0x00000000f0300000,0x00000000f09eb530,0x00000000f0e00000)
  to   space 11264K, 0% used [0x00000000ef800000,0x00000000ef800000,0x00000000f0300000)
 ParOldGen       total 41472K, used 17416K [0x00000000c3200000, 0x00000000c5a80000, 0x00000000ebb00000)
  object space 41472K, 41% used [0x00000000c3200000,0x00000000c43022d8,0x00000000c5a80000)
 PSPermGen       total 21504K, used 20719K [0x00000000b8c00000, 0x00000000ba100000, 0x00000000c3200000)
  object space 21504K, 96% used [0x00000000b8c00000,0x00000000ba03bdf8,0x00000000ba100000)
}
Event: 29.927 GC heap before
{Heap before GC invocations=9 (full 0):
 PSYoungGen      total 73728K, used 54882K [0x00000000ebb00000, 0x00000000f0e00000, 0x0000000100000000)
  eden space 62464K, 76% used [0x00000000ebb00000,0x00000000ee9ad5d8,0x00000000ef800000)
  from space 11264K, 62% used [0x00000000f0300000,0x00000000f09eb530,0x00000000f0e00000)
  to   space 11264K, 0% used [0x00000000ef800000,0x00000000ef800000,0x00000000f0300000)
 ParOldGen       total 41472K, used 17416K [0x00000000c3200000, 0x00000000c5a80000, 0x00000000ebb00000)
  object space 41472K, 41% used [0x00000000c3200000,0x00000000c43022d8,0x00000000c5a80000)
 PSPermGen       total 22528K, used 22060K [0x00000000b8c00000, 0x00000000ba200000, 0x00000000c3200000)
  object space 22528K, 97% used [0x00000000b8c00000,0x00000000ba18b340,0x00000000ba200000)
Event: 29.934 GC heap after
Heap after GC invocations=9 (full 0):
 PSYoungGen      total 73728K, used 3793K [0x00000000ebb00000, 0x00000000f3300000, 0x0000000100000000)
  eden space 62464K, 0% used [0x00000000ebb00000,0x00000000ebb00000,0x00000000ef800000)
  from space 11264K, 33% used [0x00000000ef800000,0x00000000efbb4448,0x00000000f0300000)
  to   space 11264K, 0% used [0x00000000f2800000,0x00000000f2800000,0x00000000f3300000)
 ParOldGen       total 41472K, used 18707K [0x00000000c3200000, 0x00000000c5a80000, 0x00000000ebb00000)
  object space 41472K, 45% used [0x00000000c3200000,0x00000000c4444e00,0x00000000c5a80000)
 PSPermGen       total 22528K, used 22060K [0x00000000b8c00000, 0x00000000ba200000, 0x00000000c3200000)
  object space 22528K, 97% used [0x00000000b8c00000,0x00000000ba18b340,0x00000000ba200000)
}

