# JRE version: Java(TM) SE Runtime Environment (8.0_66-b17) (build 1.8.0_66-b17)
# Java VM: Java HotSpot(TM) 64-Bit Server VM (25.66-b17 mixed mode linux-amd64 compressed oops)
Heap:
 PSYoungGen      total 53248K, used 26645K [0x00000000ebb80000, 0x00000000f0080000, 0x0000000100000000)
  eden space 41472K, 64% used [0x00000000ebb80000,0x00000000ed585548,0x00000000ee400000)
  from space 11776K, 0% used [0x00000000ee400000,0x00000000ee400000,0x00000000eef80000)
  to   space 12288K, 0% used [0x00000000ef480000,0x00000000ef480000,0x00000000f0080000)
 ParOldGen       total 105984K, used 35528K [0x00000000c3200000, 0x00000000c9980000, 0x00000000ebb80000)
  object space 105984K, 33% used [0x00000000c3200000,0x00000000c54b2330,0x00000000c9980000)
 Metaspace       used 22050K, capacity 22326K, committed 22448K, reserved 1069056K
  class space    used 2724K, capacity 2814K, committed 2816K, reserved 1048576K
GC Heap History (10 events):
Event: 45.517 GC heap before
{Heap before GC invocations=9 (full 0):
 PSYoungGen      total 38400K, used 38123K [0x00000000ebb80000, 0x00000000f0c80000, 0x0000000100000000)
  eden space 30720K, 100% used [0x00000000ebb80000,0x00000000ed980000,0x00000000ed980000)
  from space 7680K, 96% used [0x00000000f0500000,0x00000000f0c3ae10,0x00000000f0c80000)
  to   space 11776K, 0% used [0x00000000ef580000,0x00000000ef580000,0x00000000f0100000)
 ParOldGen       total 42496K, used 19804K [0x00000000c3200000, 0x00000000c5b80000, 0x00000000ebb80000)
  object space 42496K, 46% used [0x00000000c3200000,0x00000000c4557360,0x00000000c5b80000)
 Metaspace       used 20468K, capacity 20748K, committed 20864K, reserved 1067008K
  class space    used 2558K, capacity 2651K, committed 2688K, reserved 1048576K
Event: 45.523 GC heap after
Heap after GC invocations=9 (full 0):
 PSYoungGen      total 35328K, used 4957K [0x00000000ebb80000, 0x00000000f0580000, 0x0000000100000000)
  eden space 30208K, 0% used [0x00000000ebb80000,0x00000000ebb80000,0x00000000ed900000)
  from space 5120K, 96% used [0x00000000ef580000,0x00000000efa575c0,0x00000000efa80000)
  to   space 11264K, 0% used [0x00000000efa80000,0x00000000efa80000,0x00000000f0580000)
 ParOldGen       total 42496K, used 21523K [0x00000000c3200000, 0x00000000c5b80000, 0x00000000ebb80000)
  object space 42496K, 50% used [0x00000000c3200000,0x00000000c4704e58,0x00000000c5b80000)
 Metaspace       used 20468K, capacity 20748K, committed 20864K, reserved 1067008K
  class space    used 2558K, capacity 2651K, committed 2688K, reserved 1048576K
}
Event: 48.637 GC heap before
{Heap before GC invocations=10 (full 0):
 PSYoungGen      total 35328K, used 13477K [0x00000000ebb80000, 0x00000000f0580000, 0x0000000100000000)
  eden space 30208K, 28% used [0x00000000ebb80000,0x00000000ec3d2188,0x00000000ed900000)
  from space 5120K, 96% used [0x00000000ef580000,0x00000000efa575c0,0x00000000efa80000)
  to   space 11264K, 0% used [0x00000000efa80000,0x00000000efa80000,0x00000000f0580000)
 ParOldGen       total 42496K, used 21523K [0x00000000c3200000, 0x00000000c5b80000, 0x00000000ebb80000)
  object space 42496K, 50% used [0x00000000c3200000,0x00000000c4704e58,0x00000000c5b80000)
 Metaspace       used 20969K, capacity 21166K, committed 21296K, reserved 1069056K
  class space    used 2606K, capacity 2684K, committed 2688K, reserved 1048576K
Event: 48.642 GC heap after
Heap after GC invocations=10 (full 0):
 PSYoungGen      total 30208K, used 228K [0x00000000ebb80000, 0x00000000efb00000, 0x0000000100000000)
  eden space 29696K, 0% used [0x00000000ebb80000,0x00000000ebb80000,0x00000000ed880000)
  from space 512K, 44% used [0x00000000efa80000,0x00000000efab9240,0x00000000efb00000)
  to   space 11776K, 0% used [0x00000000ee400000,0x00000000ee400000,0x00000000eef80000)
 ParOldGen       total 42496K, used 22586K [0x00000000c3200000, 0x00000000c5b80000, 0x00000000ebb80000)
  object space 42496K, 53% used [0x00000000c3200000,0x00000000c480e8b8,0x00000000c5b80000)
 Metaspace       used 20969K, capacity 21166K, committed 21296K, reserved 1069056K
  class space    used 2606K, capacity 2684K, committed 2688K, reserved 1048576K
}
Event: 48.648 GC heap before
{Heap before GC invocations=11 (full 1):
 PSYoungGen      total 30208K, used 228K [0x00000000ebb80000, 0x00000000efb00000, 0x0000000100000000)
  eden space 29696K, 0% used [0x00000000ebb80000,0x00000000ebb80000,0x00000000ed880000)
  from space 512K, 44% used [0x00000000efa80000,0x00000000efab9240,0x00000000efb00000)
  to   space 11776K, 0% used [0x00000000ee400000,0x00000000ee400000,0x00000000eef80000)
 ParOldGen       total 42496K, used 22586K [0x00000000c3200000, 0x00000000c5b80000, 0x00000000ebb80000)
  object space 42496K, 53% used [0x00000000c3200000,0x00000000c480e8b8,0x00000000c5b80000)
 Metaspace       used 20969K, capacity 21166K, committed 21296K, reserved 1069056K
  class space    used 2606K, capacity 2684K, committed 2688K, reserved 1048576K
Event: 48.840 GC heap after
Heap after GC invocations=11 (full 1):
 PSYoungGen      total 30208K, used 0K [0x00000000ebb80000, 0x00000000efb00000, 0x0000000100000000)
  eden space 29696K, 0% used [0x00000000ebb80000,0x00000000ebb80000,0x00000000ed880000)
  from space 512K, 0% used [0x00000000efa80000,0x00000000efa80000,0x00000000efb00000)
  to   space 11776K, 0% used [0x00000000ee400000,0x00000000ee400000,0x00000000eef80000)
 ParOldGen       total 38912K, used 9968K [0x00000000c3200000, 0x00000000c5800000, 0x00000000ebb80000)
  object space 38912K, 25% used [0x00000000c3200000,0x00000000c3bbc128,0x00000000c5800000)
 Metaspace       used 20969K, capacity 21166K, committed 21296K, reserved 1069056K
  class space    used 2606K, capacity 2684K, committed 2688K, reserved 1048576K
}
Event: 49.202 GC heap before
{Heap before GC invocations=12 (full 1):
 PSYoungGen      total 30208K, used 29696K [0x00000000ebb80000, 0x00000000efb00000, 0x0000000100000000)
  eden space 29696K, 100% used [0x00000000ebb80000,0x00000000ed880000,0x00000000ed880000)
  from space 512K, 0% used [0x00000000efa80000,0x00000000efa80000,0x00000000efb00000)
  to   space 11776K, 0% used [0x00000000ee400000,0x00000000ee400000,0x00000000eef80000)
 ParOldGen       total 38912K, used 9968K [0x00000000c3200000, 0x00000000c5800000, 0x00000000ebb80000)
  object space 38912K, 25% used [0x00000000c3200000,0x00000000c3bbc128,0x00000000c5800000)
 Metaspace       used 21713K, capacity 21968K, committed 22192K, reserved 1069056K
  class space    used 2684K, capacity 2781K, committed 2816K, reserved 1048576K
Event: 49.269 GC heap after
Heap after GC invocations=12 (full 1):
 PSYoungGen      total 53248K, used 128K [0x00000000ebb80000, 0x00000000f0080000, 0x0000000100000000)
  eden space 41472K, 0% used [0x00000000ebb80000,0x00000000ebb80000,0x00000000ee400000)
  from space 11776K, 1% used [0x00000000ee400000,0x00000000ee420000,0x00000000eef80000)
  to   space 12288K, 0% used [0x00000000ef480000,0x00000000ef480000,0x00000000f0080000)
 ParOldGen       total 90112K, used 86349K [0x00000000c3200000, 0x00000000c8a00000, 0x00000000ebb80000)
  object space 90112K, 95% used [0x00000000c3200000,0x00000000c8653670,0x00000000c8a00000)
 Metaspace       used 21713K, capacity 21968K, committed 22192K, reserved 1069056K
  class space    used 2684K, capacity 2781K, committed 2816K, reserved 1048576K
}
Event: 49.269 GC heap before
{Heap before GC invocations=13 (full 2):
 PSYoungGen      total 53248K, used 128K [0x00000000ebb80000, 0x00000000f0080000, 0x0000000100000000)
  eden space 41472K, 0% used [0x00000000ebb80000,0x00000000ebb80000,0x00000000ee400000)
  from space 11776K, 1% used [0x00000000ee400000,0x00000000ee420000,0x00000000eef80000)
  to   space 12288K, 0% used [0x00000000ef480000,0x00000000ef480000,0x00000000f0080000)
 ParOldGen       total 90112K, used 86349K [0x00000000c3200000, 0x00000000c8a00000, 0x00000000ebb80000)
  object space 90112K, 95% used [0x00000000c3200000,0x00000000c8653670,0x00000000c8a00000)
 Metaspace       used 21713K, capacity 21968K, committed 22192K, reserved 1069056K
  class space    used 2684K, capacity 2781K, committed 2816K, reserved 1048576K
Event: 49.329 GC heap after
Heap after GC invocations=13 (full 2):
 PSYoungGen      total 53248K, used 0K [0x00000000ebb80000, 0x00000000f0080000, 0x0000000100000000)
  eden space 41472K, 0% used [0x00000000ebb80000,0x00000000ebb80000,0x00000000ee400000)
  from space 11776K, 0% used [0x00000000ee400000,0x00000000ee400000,0x00000000eef80000)
  to   space 12288K, 0% used [0x00000000ef480000,0x00000000ef480000,0x00000000f0080000)
 ParOldGen       total 105984K, used 35528K [0x00000000c3200000, 0x00000000c9980000, 0x00000000ebb80000)
  object space 105984K, 33% used [0x00000000c3200000,0x00000000c54b2330,0x00000000c9980000)
 Metaspace       used 21713K, capacity 21968K, committed 22192K, reserved 1069056K
  class space    used 2684K, capacity 2781K, committed 2816K, reserved 1048576K
}

