# JRE version: Java(TM) SE Runtime Environment (8.0_66-b17) (build 1.8.0_66-b17)
# Java VM: Java HotSpot(TM) 64-Bit Server VM (25.66-b17 mixed mode linux-amd64 compressed oops)
Heap:
 PSYoungGen      total 51200K, used 27132K [0x00000000ebb80000, 0x00000000f0200000, 0x0000000100000000)
  eden space 37888K, 71% used [0x00000000ebb80000,0x00000000ed5ff2e8,0x00000000ee080000)
  from space 13312K, 0% used [0x00000000ee080000,0x00000000ee080000,0x00000000eed80000)
  to   space 13312K, 0% used [0x00000000ef500000,0x00000000ef500000,0x00000000f0200000)
 ParOldGen       total 98304K, used 36479K [0x00000000c3200000, 0x00000000c9200000, 0x00000000ebb80000)
  object space 98304K, 37% used [0x00000000c3200000,0x00000000c559fda0,0x00000000c9200000)
 Metaspace       used 22007K, capacity 22262K, committed 22448K, reserved 1069056K
  class space    used 2724K, capacity 2814K, committed 2816K, reserved 1048576K
GC Heap History (10 events):
Event: 29.916 GC heap before
{Heap before GC invocations=9 (full 0):
 PSYoungGen      total 34816K, used 34782K [0x00000000ebb80000, 0x00000000f0a80000, 0x0000000100000000)
  eden space 30208K, 100% used [0x00000000ebb80000,0x00000000ed900000,0x00000000ed900000)
  from space 4608K, 99% used [0x00000000f0600000,0x00000000f0a77960,0x00000000f0a80000)
  to   space 13312K, 0% used [0x00000000ef080000,0x00000000ef080000,0x00000000efd80000)
 ParOldGen       total 42496K, used 23320K [0x00000000c3200000, 0x00000000c5b80000, 0x00000000ebb80000)
  object space 42496K, 54% used [0x00000000c3200000,0x00000000c48c63e8,0x00000000c5b80000)
 Metaspace       used 20449K, capacity 20684K, committed 20864K, reserved 1067008K
  class space    used 2558K, capacity 2651K, committed 2688K, reserved 1048576K
Event: 29.923 GC heap after
Heap after GC invocations=9 (full 0):
 PSYoungGen      total 34816K, used 4751K [0x00000000ebb80000, 0x00000000f0680000, 0x0000000100000000)
  eden space 29696K, 0% used [0x00000000ebb80000,0x00000000ebb80000,0x00000000ed880000)
  from space 5120K, 92% used [0x00000000ef080000,0x00000000ef523cd8,0x00000000ef580000)
  to   space 12800K, 0% used [0x00000000efa00000,0x00000000efa00000,0x00000000f0680000)
 ParOldGen       total 42496K, used 25140K [0x00000000c3200000, 0x00000000c5b80000, 0x00000000ebb80000)
  object space 42496K, 59% used [0x00000000c3200000,0x00000000c4a8d160,0x00000000c5b80000)
 Metaspace       used 20449K, capacity 20684K, committed 20864K, reserved 1067008K
  class space    used 2558K, capacity 2651K, committed 2688K, reserved 1048576K
}
Event: 38.397 GC heap before
{Heap before GC invocations=10 (full 0):
 PSYoungGen      total 34816K, used 18411K [0x00000000ebb80000, 0x00000000f0680000, 0x0000000100000000)
  eden space 29696K, 46% used [0x00000000ebb80000,0x00000000ec8d7268,0x00000000ed880000)
  from space 5120K, 92% used [0x00000000ef080000,0x00000000ef523cd8,0x00000000ef580000)
  to   space 12800K, 0% used [0x00000000efa00000,0x00000000efa00000,0x00000000f0680000)
 ParOldGen       total 42496K, used 25140K [0x00000000c3200000, 0x00000000c5b80000, 0x00000000ebb80000)
  object space 42496K, 59% used [0x00000000c3200000,0x00000000c4a8d160,0x00000000c5b80000)
 Metaspace       used 20958K, capacity 21166K, committed 21296K, reserved 1069056K
  class space    used 2606K, capacity 2684K, committed 2688K, reserved 1048576K
Event: 38.400 GC heap after
Heap after GC invocations=10 (full 0):
 PSYoungGen      total 29696K, used 252K [0x00000000ebb80000, 0x00000000efa80000, 0x0000000100000000)
  eden space 29184K, 0% used [0x00000000ebb80000,0x00000000ebb80000,0x00000000ed800000)
  from space 512K, 49% used [0x00000000efa00000,0x00000000efa3f090,0x00000000efa80000)
  to   space 13312K, 0% used [0x00000000ee080000,0x00000000ee080000,0x00000000eed80000)
 ParOldGen       total 42496K, used 26362K [0x00000000c3200000, 0x00000000c5b80000, 0x00000000ebb80000)
  object space 42496K, 62% used [0x00000000c3200000,0x00000000c4bbeb90,0x00000000c5b80000)
 Metaspace       used 20958K, capacity 21166K, committed 21296K, reserved 1069056K
  class space    used 2606K, capacity 2684K, committed 2688K, reserved 1048576K
}
Event: 38.410 GC heap before
{Heap before GC invocations=11 (full 1):
 PSYoungGen      total 29696K, used 252K [0x00000000ebb80000, 0x00000000efa80000, 0x0000000100000000)
  eden space 29184K, 0% used [0x00000000ebb80000,0x00000000ebb80000,0x00000000ed800000)
  from space 512K, 49% used [0x00000000efa00000,0x00000000efa3f090,0x00000000efa80000)
  to   space 13312K, 0% used [0x00000000ee080000,0x00000000ee080000,0x00000000eed80000)
 ParOldGen       total 42496K, used 26362K [0x00000000c3200000, 0x00000000c5b80000, 0x00000000ebb80000)
  object space 42496K, 62% used [0x00000000c3200000,0x00000000c4bbeb90,0x00000000c5b80000)
 Metaspace       used 20958K, capacity 21166K, committed 21296K, reserved 1069056K
  class space    used 2606K, capacity 2684K, committed 2688K, reserved 1048576K
Event: 38.500 GC heap after
Heap after GC invocations=11 (full 1):
 PSYoungGen      total 29696K, used 0K [0x00000000ebb80000, 0x00000000efa80000, 0x0000000100000000)
  eden space 29184K, 0% used [0x00000000ebb80000,0x00000000ebb80000,0x00000000ed800000)
  from space 512K, 0% used [0x00000000efa00000,0x00000000efa00000,0x00000000efa80000)
  to   space 13312K, 0% used [0x00000000ee080000,0x00000000ee080000,0x00000000eed80000)
 ParOldGen       total 35328K, used 10926K [0x00000000c3200000, 0x00000000c5480000, 0x00000000ebb80000)
  object space 35328K, 30% used [0x00000000c3200000,0x00000000c3cabb80,0x00000000c5480000)
 Metaspace       used 20958K, capacity 21166K, committed 21296K, reserved 1069056K
  class space    used 2606K, capacity 2684K, committed 2688K, reserved 1048576K
}
Event: 38.784 GC heap before
{Heap before GC invocations=12 (full 1):
 PSYoungGen      total 29696K, used 29184K [0x00000000ebb80000, 0x00000000efa80000, 0x0000000100000000)
  eden space 29184K, 100% used [0x00000000ebb80000,0x00000000ed800000,0x00000000ed800000)
  from space 512K, 0% used [0x00000000efa00000,0x00000000efa00000,0x00000000efa80000)
  to   space 13312K, 0% used [0x00000000ee080000,0x00000000ee080000,0x00000000eed80000)
 ParOldGen       total 35328K, used 10926K [0x00000000c3200000, 0x00000000c5480000, 0x00000000ebb80000)
  object space 35328K, 30% used [0x00000000c3200000,0x00000000c3cabb80,0x00000000c5480000)
 Metaspace       used 21693K, capacity 21968K, committed 22192K, reserved 1069056K
  class space    used 2684K, capacity 2781K, committed 2816K, reserved 1048576K
Event: 38.814 GC heap after
Heap after GC invocations=12 (full 1):
 PSYoungGen      total 51200K, used 160K [0x00000000ebb80000, 0x00000000f0200000, 0x0000000100000000)
  eden space 37888K, 0% used [0x00000000ebb80000,0x00000000ebb80000,0x00000000ee080000)
  from space 13312K, 1% used [0x00000000ee080000,0x00000000ee0a8000,0x00000000eed80000)
  to   space 13312K, 0% used [0x00000000ef500000,0x00000000ef500000,0x00000000f0200000)
 ParOldGen       total 112128K, used 87300K [0x00000000c3200000, 0x00000000c9f80000, 0x00000000ebb80000)
  object space 112128K, 77% used [0x00000000c3200000,0x00000000c87410c8,0x00000000c9f80000)
 Metaspace       used 21693K, capacity 21968K, committed 22192K, reserved 1069056K
  class space    used 2684K, capacity 2781K, committed 2816K, reserved 1048576K
}
Event: 38.814 GC heap before
{Heap before GC invocations=13 (full 2):
 PSYoungGen      total 51200K, used 160K [0x00000000ebb80000, 0x00000000f0200000, 0x0000000100000000)
  eden space 37888K, 0% used [0x00000000ebb80000,0x00000000ebb80000,0x00000000ee080000)
  from space 13312K, 1% used [0x00000000ee080000,0x00000000ee0a8000,0x00000000eed80000)
  to   space 13312K, 0% used [0x00000000ef500000,0x00000000ef500000,0x00000000f0200000)
 ParOldGen       total 112128K, used 87300K [0x00000000c3200000, 0x00000000c9f80000, 0x00000000ebb80000)
  object space 112128K, 77% used [0x00000000c3200000,0x00000000c87410c8,0x00000000c9f80000)
 Metaspace       used 21693K, capacity 21968K, committed 22192K, reserved 1069056K
  class space    used 2684K, capacity 2781K, committed 2816K, reserved 1048576K
Event: 38.844 GC heap after
Heap after GC invocations=13 (full 2):
 PSYoungGen      total 51200K, used 0K [0x00000000ebb80000, 0x00000000f0200000, 0x0000000100000000)
  eden space 37888K, 0% used [0x00000000ebb80000,0x00000000ebb80000,0x00000000ee080000)
  from space 13312K, 0% used [0x00000000ee080000,0x00000000ee080000,0x00000000eed80000)
  to   space 13312K, 0% used [0x00000000ef500000,0x00000000ef500000,0x00000000f0200000)
 ParOldGen       total 98304K, used 36479K [0x00000000c3200000, 0x00000000c9200000, 0x00000000ebb80000)
  object space 98304K, 37% used [0x00000000c3200000,0x00000000c559fda0,0x00000000c9200000)
 Metaspace       used 21693K, capacity 21968K, committed 22192K, reserved 1069056K
  class space    used 2684K, capacity 2781K, committed 2816K, reserved 1048576K
}

