# JRE version: Java(TM) SE Runtime Environment (8.0_66-b17) (build 1.8.0_66-b17)
# Java VM: Java HotSpot(TM) 64-Bit Server VM (25.66-b17 mixed mode linux-amd64 compressed oops)
Heap:
 PSYoungGen      total 61440K, used 24445K [0x00000000ebb80000, 0x00000000f0280000, 0x0000000100000000)
  eden space 51200K, 47% used [0x00000000ebb80000,0x00000000ed35f5d0,0x00000000eed80000)
  from space 10240K, 0% used [0x00000000ef880000,0x00000000ef880000,0x00000000f0280000)
  to   space 10752K, 0% used [0x00000000eed80000,0x00000000eed80000,0x00000000ef800000)
 ParOldGen       total 92160K, used 34960K [0x00000000c3200000, 0x00000000c8c00000, 0x00000000ebb80000)
  object space 92160K, 37% used [0x00000000c3200000,0x00000000c54242e8,0x00000000c8c00000)
 Metaspace       used 22051K, capacity 22326K, committed 22448K, reserved 1069056K
  class space    used 2724K, capacity 2814K, committed 2816K, reserved 1048576K
GC Heap History (10 events):
Event: 49.716 GC heap before
{Heap before GC invocations=12 (full 0):
 PSYoungGen      total 30208K, used 28432K [0x00000000ebb80000, 0x00000000ef000000, 0x0000000100000000)
  eden space 19968K, 100% used [0x00000000ebb80000,0x00000000ecf00000,0x00000000ecf00000)
  from space 10240K, 82% used [0x00000000ecf00000,0x00000000ed744110,0x00000000ed900000)
  to   space 10752K, 0% used [0x00000000ee580000,0x00000000ee580000,0x00000000ef000000)
 ParOldGen       total 42496K, used 18328K [0x00000000c3200000, 0x00000000c5b80000, 0x00000000ebb80000)
  object space 42496K, 43% used [0x00000000c3200000,0x00000000c43e60a0,0x00000000c5b80000)
 Metaspace       used 20471K, capacity 20748K, committed 20864K, reserved 1067008K
  class space    used 2558K, capacity 2651K, committed 2688K, reserved 1048576K
Event: 49.720 GC heap after
Heap after GC invocations=12 (full 0):
 PSYoungGen      total 43008K, used 3474K [0x00000000ebb80000, 0x00000000ef000000, 0x0000000100000000)
  eden space 32256K, 0% used [0x00000000ebb80000,0x00000000ebb80000,0x00000000edb00000)
  from space 10752K, 32% used [0x00000000ee580000,0x00000000ee8e4ac8,0x00000000ef000000)
  to   space 10752K, 0% used [0x00000000edb00000,0x00000000edb00000,0x00000000ee580000)
 ParOldGen       total 42496K, used 18352K [0x00000000c3200000, 0x00000000c5b80000, 0x00000000ebb80000)
  object space 42496K, 43% used [0x00000000c3200000,0x00000000c43ec0a0,0x00000000c5b80000)
 Metaspace       used 20471K, capacity 20748K, committed 20864K, reserved 1067008K
  class space    used 2558K, capacity 2651K, committed 2688K, reserved 1048576K
}
Event: 50.701 GC heap before
{Heap before GC invocations=13 (full 0):
 PSYoungGen      total 43008K, used 15954K [0x00000000ebb80000, 0x00000000ef000000, 0x0000000100000000)
  eden space 32256K, 38% used [0x00000000ebb80000,0x00000000ec7afdd8,0x00000000edb00000)
  from space 10752K, 32% used [0x00000000ee580000,0x00000000ee8e4ac8,0x00000000ef000000)
  to   space 10752K, 0% used [0x00000000edb00000,0x00000000edb00000,0x00000000ee580000)
 ParOldGen       total 42496K, used 18352K [0x00000000c3200000, 0x00000000c5b80000, 0x00000000ebb80000)
  object space 42496K, 43% used [0x00000000c3200000,0x00000000c43ec0a0,0x00000000c5b80000)
 Metaspace       used 20965K, capacity 21166K, committed 21296K, reserved 1069056K
  class space    used 2606K, capacity 2684K, committed 2688K, reserved 1048576K
Event: 50.705 GC heap after
Heap after GC invocations=13 (full 0):
 PSYoungGen      total 43008K, used 252K [0x00000000ebb80000, 0x00000000f0300000, 0x0000000100000000)
  eden space 32256K, 0% used [0x00000000ebb80000,0x00000000ebb80000,0x00000000edb00000)
  from space 10752K, 2% used [0x00000000edb00000,0x00000000edb3f090,0x00000000ee580000)
  to   space 10752K, 0% used [0x00000000ef880000,0x00000000ef880000,0x00000000f0300000)
 ParOldGen       total 42496K, used 21258K [0x00000000c3200000, 0x00000000c5b80000, 0x00000000ebb80000)
  object space 42496K, 50% used [0x00000000c3200000,0x00000000c46c2b58,0x00000000c5b80000)
 Metaspace       used 20965K, capacity 21166K, committed 21296K, reserved 1069056K
  class space    used 2606K, capacity 2684K, committed 2688K, reserved 1048576K
}
Event: 50.709 GC heap before
{Heap before GC invocations=14 (full 1):
 PSYoungGen      total 43008K, used 252K [0x00000000ebb80000, 0x00000000f0300000, 0x0000000100000000)
  eden space 32256K, 0% used [0x00000000ebb80000,0x00000000ebb80000,0x00000000edb00000)
  from space 10752K, 2% used [0x00000000edb00000,0x00000000edb3f090,0x00000000ee580000)
  to   space 10752K, 0% used [0x00000000ef880000,0x00000000ef880000,0x00000000f0300000)
 ParOldGen       total 42496K, used 21258K [0x00000000c3200000, 0x00000000c5b80000, 0x00000000ebb80000)
  object space 42496K, 50% used [0x00000000c3200000,0x00000000c46c2b58,0x00000000c5b80000)
 Metaspace       used 20965K, capacity 21166K, committed 21296K, reserved 1069056K
  class space    used 2606K, capacity 2684K, committed 2688K, reserved 1048576K
Event: 50.820 GC heap after
Heap after GC invocations=14 (full 1):
 PSYoungGen      total 43008K, used 0K [0x00000000ebb80000, 0x00000000f0300000, 0x0000000100000000)
  eden space 32256K, 0% used [0x00000000ebb80000,0x00000000ebb80000,0x00000000edb00000)
  from space 10752K, 0% used [0x00000000edb00000,0x00000000edb00000,0x00000000ee580000)
  to   space 10752K, 0% used [0x00000000ef880000,0x00000000ef880000,0x00000000f0300000)
 ParOldGen       total 30720K, used 9021K [0x00000000c3200000, 0x00000000c5000000, 0x00000000ebb80000)
  object space 30720K, 29% used [0x00000000c3200000,0x00000000c3acf578,0x00000000c5000000)
 Metaspace       used 20965K, capacity 21166K, committed 21296K, reserved 1069056K
  class space    used 2606K, capacity 2684K, committed 2688K, reserved 1048576K
}
Event: 51.132 GC heap before
{Heap before GC invocations=15 (full 1):
 PSYoungGen      total 43008K, used 32256K [0x00000000ebb80000, 0x00000000f0300000, 0x0000000100000000)
  eden space 32256K, 100% used [0x00000000ebb80000,0x00000000edb00000,0x00000000edb00000)
  from space 10752K, 0% used [0x00000000edb00000,0x00000000edb00000,0x00000000ee580000)
  to   space 10752K, 0% used [0x00000000ef880000,0x00000000ef880000,0x00000000f0300000)
 ParOldGen       total 30720K, used 9021K [0x00000000c3200000, 0x00000000c5000000, 0x00000000ebb80000)
  object space 30720K, 29% used [0x00000000c3200000,0x00000000c3acf578,0x00000000c5000000)
 Metaspace       used 21713K, capacity 21968K, committed 22192K, reserved 1069056K
  class space    used 2684K, capacity 2781K, committed 2816K, reserved 1048576K
Event: 51.159 GC heap after
Heap after GC invocations=15 (full 1):
 PSYoungGen      total 61440K, used 160K [0x00000000ebb80000, 0x00000000f0280000, 0x0000000100000000)
  eden space 51200K, 0% used [0x00000000ebb80000,0x00000000ebb80000,0x00000000eed80000)
  from space 10240K, 1% used [0x00000000ef880000,0x00000000ef8a8000,0x00000000f0280000)
  to   space 10752K, 0% used [0x00000000eed80000,0x00000000eed80000,0x00000000ef800000)
 ParOldGen       total 109056K, used 86539K [0x00000000c3200000, 0x00000000c9c80000, 0x00000000ebb80000)
  object space 109056K, 79% used [0x00000000c3200000,0x00000000c8682cf8,0x00000000c9c80000)
 Metaspace       used 21713K, capacity 21968K, committed 22192K, reserved 1069056K
  class space    used 2684K, capacity 2781K, committed 2816K, reserved 1048576K
}
Event: 51.159 GC heap before
{Heap before GC invocations=16 (full 2):
 PSYoungGen      total 61440K, used 160K [0x00000000ebb80000, 0x00000000f0280000, 0x0000000100000000)
  eden space 51200K, 0% used [0x00000000ebb80000,0x00000000ebb80000,0x00000000eed80000)
  from space 10240K, 1% used [0x00000000ef880000,0x00000000ef8a8000,0x00000000f0280000)
  to   space 10752K, 0% used [0x00000000eed80000,0x00000000eed80000,0x00000000ef800000)
 ParOldGen       total 109056K, used 86539K [0x00000000c3200000, 0x00000000c9c80000, 0x00000000ebb80000)
  object space 109056K, 79% used [0x00000000c3200000,0x00000000c8682cf8,0x00000000c9c80000)
 Metaspace       used 21713K, capacity 21968K, committed 22192K, reserved 1069056K
  class space    used 2684K, capacity 2781K, committed 2816K, reserved 1048576K
Event: 51.187 GC heap after
Heap after GC invocations=16 (full 2):
 PSYoungGen      total 61440K, used 0K [0x00000000ebb80000, 0x00000000f0280000, 0x0000000100000000)
  eden space 51200K, 0% used [0x00000000ebb80000,0x00000000ebb80000,0x00000000eed80000)
  from space 10240K, 0% used [0x00000000ef880000,0x00000000ef880000,0x00000000f0280000)
  to   space 10752K, 0% used [0x00000000eed80000,0x00000000eed80000,0x00000000ef800000)
 ParOldGen       total 92160K, used 34960K [0x00000000c3200000, 0x00000000c8c00000, 0x00000000ebb80000)
  object space 92160K, 37% used [0x00000000c3200000,0x00000000c54242e8,0x00000000c8c00000)
 Metaspace       used 21713K, capacity 21968K, committed 22192K, reserved 1069056K
  class space    used 2684K, capacity 2781K, committed 2816K, reserved 1048576K
}

